<?xml version="1.0" encoding="UTF-8"?>
<!-- Generated by org.testng.reporters.JUnitReportReporter -->
<testsuite skipped="0" hostname="ARUL-AD" name="tests.AddUserTest" tests="4" failures="0" timestamp="08 Nov 2025 09:04:38 GMT" time="37.717" errors="0">
  <testcase name="VerifyNewUser" time="8.952" classname="tests.AddUserTest"/>
  <testcase name="VerifyNewUser" time="10.320" classname="tests.AddUserTest"/>
  <testcase name="VerifyNewUser" time="9.146" classname="tests.AddUserTest"/>
  <testcase name="VerifyNewUser" time="9.299" classname="tests.AddUserTest"/>
</testsuite> <!-- tests.AddUserTest -->
